<?xml version="1.0" encoding="UTF-8"?>
<testng-results ignored="0" total="14" passed="14" failed="0" skipped="0">
  <reporter-output>
  </reporter-output>
  <suite started-at="2023-08-28T10:48:08Z" name="Aenglo_Sco" finished-at="2023-08-28T10:54:02Z" duration-ms="354206">
    <groups>
    </groups>
    <test started-at="2023-08-28T10:48:08Z" name="Aenglo App Test" finished-at="2023-08-28T10:54:02Z" duration-ms="354206">
      <class name="testCases.TC_SEO">
        <test-method is-config="true" signature="setup(java.lang.String, java.lang.String, boolean, boolean, boolean, boolean)[pri:0, instance:testCases.TC_SEO@595b007d]" started-at="2023-08-28T10:48:08Z" name="setup" finished-at="2023-08-28T10:48:13Z" duration-ms="4759" status="PASS">
          <params>
            <param index="0">
              <value>
                <![CDATA[firefox]]>
              </value>
            </param>
            <param index="1">
              <value>
                <![CDATA[wnidow]]>
              </value>
            </param>
            <param index="2">
              <value>
                <![CDATA[true]]>
              </value>
            </param>
            <param index="3">
              <value>
                <![CDATA[false]]>
              </value>
            </param>
            <param index="4">
              <value>
                <![CDATA[false]]>
              </value>
            </param>
            <param index="5">
              <value>
                <![CDATA[false]]>
              </value>
            </param>
          </params>
          <reporter-output>
          </reporter-output>
        </test-method> <!-- setup -->
        <test-method signature="TC_Content_Check(java.lang.String)[pri:0, instance:testCases.TC_SEO@595b007d]" started-at="2023-08-28T10:48:15Z" name="TC_Content_Check" data-provider="urls" finished-at="2023-08-28T10:48:46Z" duration-ms="30775" status="PASS">
          <params>
            <param index="0">
              <value>
                <![CDATA[https://www.angloamericangroupfoundation.org/]]>
              </value>
            </param>
          </params>
          <reporter-output>
          </reporter-output>
        </test-method> <!-- TC_Content_Check -->
        <test-method signature="TC_Content_Check(java.lang.String)[pri:0, instance:testCases.TC_SEO@595b007d]" started-at="2023-08-28T10:48:46Z" name="TC_Content_Check" data-provider="urls" finished-at="2023-08-28T10:49:09Z" duration-ms="23050" status="PASS">
          <params>
            <param index="0">
              <value>
                <![CDATA[https://www.angloamericangroupfoundation.org/our-strategic-priorities]]>
              </value>
            </param>
          </params>
          <reporter-output>
          </reporter-output>
        </test-method> <!-- TC_Content_Check -->
        <test-method signature="TC_Content_Check(java.lang.String)[pri:0, instance:testCases.TC_SEO@595b007d]" started-at="2023-08-28T10:49:09Z" name="TC_Content_Check" data-provider="urls" finished-at="2023-08-28T10:49:43Z" duration-ms="34262" status="PASS">
          <params>
            <param index="0">
              <value>
                <![CDATA[https://www.angloamericangroupfoundation.org/our-partners]]>
              </value>
            </param>
          </params>
          <reporter-output>
          </reporter-output>
        </test-method> <!-- TC_Content_Check -->
        <test-method signature="TC_Content_Check(java.lang.String)[pri:0, instance:testCases.TC_SEO@595b007d]" started-at="2023-08-28T10:49:43Z" name="TC_Content_Check" data-provider="urls" finished-at="2023-08-28T10:50:11Z" duration-ms="27733" status="PASS">
          <params>
            <param index="0">
              <value>
                <![CDATA[https://www.angloamericangroupfoundation.org/ambassadors-for-good]]>
              </value>
            </param>
          </params>
          <reporter-output>
          </reporter-output>
        </test-method> <!-- TC_Content_Check -->
        <test-method signature="TC_Content_Check(java.lang.String)[pri:0, instance:testCases.TC_SEO@595b007d]" started-at="2023-08-28T10:50:11Z" name="TC_Content_Check" data-provider="urls" finished-at="2023-08-28T10:50:49Z" duration-ms="37975" status="PASS">
          <params>
            <param index="0">
              <value>
                <![CDATA[https://www.angloamericangroupfoundation.org/faq]]>
              </value>
            </param>
          </params>
          <reporter-output>
          </reporter-output>
        </test-method> <!-- TC_Content_Check -->
        <test-method signature="TC_Content_Check(java.lang.String)[pri:0, instance:testCases.TC_SEO@595b007d]" started-at="2023-08-28T10:50:49Z" name="TC_Content_Check" data-provider="urls" finished-at="2023-08-28T10:51:12Z" duration-ms="22604" status="PASS">
          <params>
            <param index="0">
              <value>
                <![CDATA[https://www.angloamericangroupfoundation.org/site-services]]>
              </value>
            </param>
          </params>
          <reporter-output>
          </reporter-output>
        </test-method> <!-- TC_Content_Check -->
        <test-method signature="TC_Content_Check(java.lang.String)[pri:0, instance:testCases.TC_SEO@595b007d]" started-at="2023-08-28T10:51:12Z" name="TC_Content_Check" data-provider="urls" finished-at="2023-08-28T10:51:37Z" duration-ms="25293" status="PASS">
          <params>
            <param index="0">
              <value>
                <![CDATA[https://www.angloamericangroupfoundation.org/preview-protection]]>
              </value>
            </param>
          </params>
          <reporter-output>
          </reporter-output>
        </test-method> <!-- TC_Content_Check -->
        <test-method signature="TC_Content_Check(java.lang.String)[pri:0, instance:testCases.TC_SEO@595b007d]" started-at="2023-08-28T10:51:37Z" name="TC_Content_Check" data-provider="urls" finished-at="2023-08-28T10:51:42Z" duration-ms="4913" status="PASS">
          <params>
            <param index="0">
              <value>
                <![CDATA[https://www.angloamericangroupfoundation.org/robots]]>
              </value>
            </param>
          </params>
          <reporter-output>
          </reporter-output>
        </test-method> <!-- TC_Content_Check -->
        <test-method signature="TC_Content_Check(java.lang.String)[pri:0, instance:testCases.TC_SEO@595b007d]" started-at="2023-08-28T10:51:42Z" name="TC_Content_Check" data-provider="urls" finished-at="2023-08-28T10:52:05Z" duration-ms="23051" status="PASS">
          <params>
            <param index="0">
              <value>
                <![CDATA[https://www.angloamericangroupfoundation.org/site-services/site-map]]>
              </value>
            </param>
          </params>
          <reporter-output>
          </reporter-output>
        </test-method> <!-- TC_Content_Check -->
        <test-method signature="TC_Content_Check(java.lang.String)[pri:0, instance:testCases.TC_SEO@595b007d]" started-at="2023-08-28T10:52:05Z" name="TC_Content_Check" data-provider="urls" finished-at="2023-08-28T10:52:28Z" duration-ms="23154" status="PASS">
          <params>
            <param index="0">
              <value>
                <![CDATA[https://www.angloamericangroupfoundation.org/site-services/cookie-policy]]>
              </value>
            </param>
          </params>
          <reporter-output>
          </reporter-output>
        </test-method> <!-- TC_Content_Check -->
        <test-method signature="TC_Content_Check(java.lang.String)[pri:0, instance:testCases.TC_SEO@595b007d]" started-at="2023-08-28T10:52:28Z" name="TC_Content_Check" data-provider="urls" finished-at="2023-08-28T10:52:51Z" duration-ms="23030" status="PASS">
          <params>
            <param index="0">
              <value>
                <![CDATA[https://www.angloamericangroupfoundation.org/site-services/accessibility]]>
              </value>
            </param>
          </params>
          <reporter-output>
          </reporter-output>
        </test-method> <!-- TC_Content_Check -->
        <test-method signature="TC_Content_Check(java.lang.String)[pri:0, instance:testCases.TC_SEO@595b007d]" started-at="2023-08-28T10:52:51Z" name="TC_Content_Check" data-provider="urls" finished-at="2023-08-28T10:53:14Z" duration-ms="22759" status="PASS">
          <params>
            <param index="0">
              <value>
                <![CDATA[https://www.angloamericangroupfoundation.org/site-services/privacy-policy]]>
              </value>
            </param>
          </params>
          <reporter-output>
          </reporter-output>
        </test-method> <!-- TC_Content_Check -->
        <test-method signature="TC_Content_Check(java.lang.String)[pri:0, instance:testCases.TC_SEO@595b007d]" started-at="2023-08-28T10:53:14Z" name="TC_Content_Check" data-provider="urls" finished-at="2023-08-28T10:53:39Z" duration-ms="24964" status="PASS">
          <params>
            <param index="0">
              <value>
                <![CDATA[https://www.angloamericangroupfoundation.org/site-services/terms-and-conditions]]>
              </value>
            </param>
          </params>
          <reporter-output>
          </reporter-output>
        </test-method> <!-- TC_Content_Check -->
        <test-method signature="TC_Content_Check(java.lang.String)[pri:0, instance:testCases.TC_SEO@595b007d]" started-at="2023-08-28T10:53:39Z" name="TC_Content_Check" data-provider="urls" finished-at="2023-08-28T10:54:02Z" duration-ms="23404" status="PASS">
          <params>
            <param index="0">
              <value>
                <![CDATA[https://www.angloamericangroupfoundation.org/site-services/contact-us]]>
              </value>
            </param>
          </params>
          <reporter-output>
          </reporter-output>
        </test-method> <!-- TC_Content_Check -->
        <test-method is-config="true" signature="tearDown()[pri:0, instance:testCases.TC_SEO@595b007d]" started-at="2023-08-28T10:54:02Z" name="tearDown" finished-at="2023-08-28T10:54:02Z" duration-ms="0" status="PASS">
          <reporter-output>
          </reporter-output>
        </test-method> <!-- tearDown -->
      </class> <!-- testCases.TC_SEO -->
    </test> <!-- Aenglo App Test -->
  </suite> <!-- Aenglo_Sco -->
</testng-results>
